[2020-02-12 03:34:10] production.ERROR: PDOException: SQLSTATE[HY000] [1049] Unknown database 'clasinv' in C:\xampp\htdocs\invoicer\core\vendor\doctrine\dbal\lib\Doctrine\DBAL\Driver\PDOConnection.php:43
Stack trace:
#0 C:\xampp\htdocs\invoicer\core\vendor\doctrine\dbal\lib\Doctrine\DBAL\Driver\PDOConnection.php(43): PDO->__construct('mysql:host=loca...', 'root', '', Array)
#1 C:\xampp\htdocs\invoicer\core\vendor\laravel\framework\src\Illuminate\Database\Connectors\Connector.php(116): Doctrine\DBAL\Driver\PDOConnection->__construct('mysql:host=loca...', 'root', '', Array)
#2 C:\xampp\htdocs\invoicer\core\vendor\laravel\framework\src\Illuminate\Database\Connectors\Connector.php(56): Illuminate\Database\Connectors\Connector->createPdoConnection('mysql:host=loca...', 'root', '', Array)
#3 C:\xampp\htdocs\invoicer\core\vendor\laravel\framework\src\Illuminate\Database\Connectors\MySqlConnector.php(24): Illuminate\Database\Connectors\Connector->createConnection('mysql:host=loca...', Array, Array)
#4 C:\xampp\htdocs\invoicer\core\vendor\laravel\framework\src\Illuminate\Database\Connectors\ConnectionFactory.php(126): Illuminate\Database\Connectors\MySqlConnector->connect(Array)
#5 [internal function]: Illuminate\Database\Connectors\ConnectionFactory->Illuminate\Database\Connectors\{closure}()
#6 C:\xampp\htdocs\invoicer\core\vendor\laravel\framework\src\Illuminate\Database\Connection.php(965): call_user_func(Object(Closure))
#7 C:\xampp\htdocs\invoicer\core\vendor\laravel\framework\src\Illuminate\Database\Connection.php(986): Illuminate\Database\Connection->getPdo()
#8 C:\xampp\htdocs\invoicer\core\vendor\laravel\framework\src\Illuminate\Database\Connection.php(423): Illuminate\Database\Connection->getReadPdo()
#9 C:\xampp\htdocs\invoicer\core\vendor\laravel\framework\src\Illuminate\Database\Connection.php(333): Illuminate\Database\Connection->getPdoForSelect(true)
#10 C:\xampp\htdocs\invoicer\core\vendor\laravel\framework\src\Illuminate\Database\Connection.php(763): Illuminate\Database\Connection->Illuminate\Database\{closure}(Object(Illuminate\Database\MySqlConnection), 'select * from `...', Array)
#11 C:\xampp\htdocs\invoicer\core\vendor\laravel\framework\src\Illuminate\Database\Connection.php(726): Illuminate\Database\Connection->runQueryCallback('select * from `...', Array, Object(Closure))
#12 C:\xampp\htdocs\invoicer\core\vendor\laravel\framework\src\Illuminate\Database\Connection.php(351): Illuminate\Database\Connection->run('select * from `...', Array, Object(Closure))
#13 C:\xampp\htdocs\invoicer\core\vendor\laravel\framework\src\Illuminate\Database\Query\Builder.php(1648): Illuminate\Database\Connection->select('select * from `...', Array, true)
#14 C:\xampp\htdocs\invoicer\core\vendor\laravel\framework\src\Illuminate\Database\Query\Builder.php(1634): Illuminate\Database\Query\Builder->runSelect()
#15 C:\xampp\htdocs\invoicer\core\vendor\laravel\framework\src\Illuminate\Database\Eloquent\Builder.php(638): Illuminate\Database\Query\Builder->get(Array)
#16 C:\xampp\htdocs\invoicer\core\vendor\laravel\framework\src\Illuminate\Database\Eloquent\Builder.php(327): Illuminate\Database\Eloquent\Builder->getModels(Array)
#17 C:\xampp\htdocs\invoicer\core\app\Providers\AuthServiceProvider.php(39): Illuminate\Database\Eloquent\Builder->get()
#18 C:\xampp\htdocs\invoicer\core\app\Providers\AuthServiceProvider.php(26): App\Providers\AuthServiceProvider->getPermissions()
#19 [internal function]: App\Providers\AuthServiceProvider->boot()
#20 C:\xampp\htdocs\invoicer\core\vendor\laravel\framework\src\Illuminate\Container\Container.php(508): call_user_func_array(Array, Array)
#21 C:\xampp\htdocs\invoicer\core\vendor\laravel\framework\src\Illuminate\Foundation\Application.php(769): Illuminate\Container\Container->call(Array)
#22 C:\xampp\htdocs\invoicer\core\vendor\laravel\framework\src\Illuminate\Foundation\Application.php(752): Illuminate\Foundation\Application->bootProvider(Object(App\Providers\AuthServiceProvider))
#23 [internal function]: Illuminate\Foundation\Application->Illuminate\Foundation\{closure}(Object(App\Providers\AuthServiceProvider), 24)
#24 C:\xampp\htdocs\invoicer\core\vendor\laravel\framework\src\Illuminate\Foundation\Application.php(753): array_walk(Array, Object(Closure))
#25 C:\xampp\htdocs\invoicer\core\vendor\laravel\framework\src\Illuminate\Foundation\Bootstrap\BootProviders.php(17): Illuminate\Foundation\Application->boot()
#26 C:\xampp\htdocs\invoicer\core\vendor\laravel\framework\src\Illuminate\Foundation\Application.php(203): Illuminate\Foundation\Bootstrap\BootProviders->bootstrap(Object(Illuminate\Foundation\Application))
#27 C:\xampp\htdocs\invoicer\core\vendor\laravel\framework\src\Illuminate\Foundation\Http\Kernel.php(254): Illuminate\Foundation\Application->bootstrapWith(Array)
#28 C:\xampp\htdocs\invoicer\core\vendor\laravel\framework\src\Illuminate\Foundation\Http\Kernel.php(145): Illuminate\Foundation\Http\Kernel->bootstrap()
#29 C:\xampp\htdocs\invoicer\core\vendor\laravel\framework\src\Illuminate\Foundation\Http\Kernel.php(117): Illuminate\Foundation\Http\Kernel->sendRequestThroughRouter(Object(Illuminate\Http\Request))
#30 C:\xampp\htdocs\invoicer\index.php(52): Illuminate\Foundation\Http\Kernel->handle(Object(Illuminate\Http\Request))
#31 {main}

Next Doctrine\DBAL\Driver\PDOException: SQLSTATE[HY000] [1049] Unknown database 'clasinv' in C:\xampp\htdocs\invoicer\core\vendor\doctrine\dbal\lib\Doctrine\DBAL\Driver\PDOConnection.php:47
Stack trace:
#0 C:\xampp\htdocs\invoicer\core\vendor\laravel\framework\src\Illuminate\Database\Connectors\Connector.php(116): Doctrine\DBAL\Driver\PDOConnection->__construct('mysql:host=loca...', 'root', '', Array)
#1 C:\xampp\htdocs\invoicer\core\vendor\laravel\framework\src\Illuminate\Database\Connectors\Connector.php(56): Illuminate\Database\Connectors\Connector->createPdoConnection('mysql:host=loca...', 'root', '', Array)
#2 C:\xampp\htdocs\invoicer\core\vendor\laravel\framework\src\Illuminate\Database\Connectors\MySqlConnector.php(24): Illuminate\Database\Connectors\Connector->createConnection('mysql:host=loca...', Array, Array)
#3 C:\xampp\htdocs\invoicer\core\vendor\laravel\framework\src\Illuminate\Database\Connectors\ConnectionFactory.php(126): Illuminate\Database\Connectors\MySqlConnector->connect(Array)
#4 [internal function]: Illuminate\Database\Connectors\ConnectionFactory->Illuminate\Database\Connectors\{closure}()
#5 C:\xampp\htdocs\invoicer\core\vendor\laravel\framework\src\Illuminate\Database\Connection.php(965): call_user_func(Object(Closure))
#6 C:\xampp\htdocs\invoicer\core\vendor\laravel\framework\src\Illuminate\Database\Connection.php(986): Illuminate\Database\Connection->getPdo()
#7 C:\xampp\htdocs\invoicer\core\vendor\laravel\framework\src\Illuminate\Database\Connection.php(423): Illuminate\Database\Connection->getReadPdo()
#8 C:\xampp\htdocs\invoicer\core\vendor\laravel\framework\src\Illuminate\Database\Connection.php(333): Illuminate\Database\Connection->getPdoForSelect(true)
#9 C:\xampp\htdocs\invoicer\core\vendor\laravel\framework\src\Illuminate\Database\Connection.php(763): Illuminate\Database\Connection->Illuminate\Database\{closure}(Object(Illuminate\Database\MySqlConnection), 'select * from `...', Array)
#10 C:\xampp\htdocs\invoicer\core\vendor\laravel\framework\src\Illuminate\Database\Connection.php(726): Illuminate\Database\Connection->runQueryCallback('select * from `...', Array, Object(Closure))
#11 C:\xampp\htdocs\invoicer\core\vendor\laravel\framework\src\Illuminate\Database\Connection.php(351): Illuminate\Database\Connection->run('select * from `...', Array, Object(Closure))
#12 C:\xampp\htdocs\invoicer\core\vendor\laravel\framework\src\Illuminate\Database\Query\Builder.php(1648): Illuminate\Database\Connection->select('select * from `...', Array, true)
#13 C:\xampp\htdocs\invoicer\core\vendor\laravel\framework\src\Illuminate\Database\Query\Builder.php(1634): Illuminate\Database\Query\Builder->runSelect()
#14 C:\xampp\htdocs\invoicer\core\vendor\laravel\framework\src\Illuminate\Database\Eloquent\Builder.php(638): Illuminate\Database\Query\Builder->get(Array)
#15 C:\xampp\htdocs\invoicer\core\vendor\laravel\framework\src\Illuminate\Database\Eloquent\Builder.php(327): Illuminate\Database\Eloquent\Builder->getModels(Array)
#16 C:\xampp\htdocs\invoicer\core\app\Providers\AuthServiceProvider.php(39): Illuminate\Database\Eloquent\Builder->get()
#17 C:\xampp\htdocs\invoicer\core\app\Providers\AuthServiceProvider.php(26): App\Providers\AuthServiceProvider->getPermissions()
#18 [internal function]: App\Providers\AuthServiceProvider->boot()
#19 C:\xampp\htdocs\invoicer\core\vendor\laravel\framework\src\Illuminate\Container\Container.php(508): call_user_func_array(Array, Array)
#20 C:\xampp\htdocs\invoicer\core\vendor\laravel\framework\src\Illuminate\Foundation\Application.php(769): Illuminate\Container\Container->call(Array)
#21 C:\xampp\htdocs\invoicer\core\vendor\laravel\framework\src\Illuminate\Foundation\Application.php(752): Illuminate\Foundation\Application->bootProvider(Object(App\Providers\AuthServiceProvider))
#22 [internal function]: Illuminate\Foundation\Application->Illuminate\Foundation\{closure}(Object(App\Providers\AuthServiceProvider), 24)
#23 C:\xampp\htdocs\invoicer\core\vendor\laravel\framework\src\Illuminate\Foundation\Application.php(753): array_walk(Array, Object(Closure))
#24 C:\xampp\htdocs\invoicer\core\vendor\laravel\framework\src\Illuminate\Foundation\Bootstrap\BootProviders.php(17): Illuminate\Foundation\Application->boot()
#25 C:\xampp\htdocs\invoicer\core\vendor\laravel\framework\src\Illuminate\Foundation\Application.php(203): Illuminate\Foundation\Bootstrap\BootProviders->bootstrap(Object(Illuminate\Foundation\Application))
#26 C:\xampp\htdocs\invoicer\core\vendor\laravel\framework\src\Illuminate\Foundation\Http\Kernel.php(254): Illuminate\Foundation\Application->bootstrapWith(Array)
#27 C:\xampp\htdocs\invoicer\core\vendor\laravel\framework\src\Illuminate\Foundation\Http\Kernel.php(145): Illuminate\Foundation\Http\Kernel->bootstrap()
#28 C:\xampp\htdocs\invoicer\core\vendor\laravel\framework\src\Illuminate\Foundation\Http\Kernel.php(117): Illuminate\Foundation\Http\Kernel->sendRequestThroughRouter(Object(Illuminate\Http\Request))
#29 C:\xampp\htdocs\invoicer\index.php(52): Illuminate\Foundation\Http\Kernel->handle(Object(Illuminate\Http\Request))
#30 {main}  
[2020-02-12 03:34:10] production.ERROR: PDOException: SQLSTATE[HY000] [1049] Unknown database 'clasinv' in C:\xampp\htdocs\invoicer\core\vendor\doctrine\dbal\lib\Doctrine\DBAL\Driver\PDOConnection.php:43
Stack trace:
#0 C:\xampp\htdocs\invoicer\core\vendor\doctrine\dbal\lib\Doctrine\DBAL\Driver\PDOConnection.php(43): PDO->__construct('mysql:host=loca...', 'root', '', Array)
#1 C:\xampp\htdocs\invoicer\core\vendor\laravel\framework\src\Illuminate\Database\Connectors\Connector.php(116): Doctrine\DBAL\Driver\PDOConnection->__construct('mysql:host=loca...', 'root', '', Array)
#2 C:\xampp\htdocs\invoicer\core\vendor\laravel\framework\src\Illuminate\Database\Connectors\Connector.php(56): Illuminate\Database\Connectors\Connector->createPdoConnection('mysql:host=loca...', 'root', '', Array)
#3 C:\xampp\htdocs\invoicer\core\vendor\laravel\framework\src\Illuminate\Database\Connectors\MySqlConnector.php(24): Illuminate\Database\Connectors\Connector->createConnection('mysql:host=loca...', Array, Array)
#4 C:\xampp\htdocs\invoicer\core\vendor\laravel\framework\src\Illuminate\Database\Connectors\ConnectionFactory.php(126): Illuminate\Database\Connectors\MySqlConnector->connect(Array)
#5 [internal function]: Illuminate\Database\Connectors\ConnectionFactory->Illuminate\Database\Connectors\{closure}()
#6 C:\xampp\htdocs\invoicer\core\vendor\laravel\framework\src\Illuminate\Database\Connection.php(965): call_user_func(Object(Closure))
#7 C:\xampp\htdocs\invoicer\core\vendor\laravel\framework\src\Illuminate\Database\Connection.php(986): Illuminate\Database\Connection->getPdo()
#8 C:\xampp\htdocs\invoicer\core\vendor\laravel\framework\src\Illuminate\Database\Connection.php(423): Illuminate\Database\Connection->getReadPdo()
#9 C:\xampp\htdocs\invoicer\core\vendor\laravel\framework\src\Illuminate\Database\Connection.php(333): Illuminate\Database\Connection->getPdoForSelect(true)
#10 C:\xampp\htdocs\invoicer\core\vendor\laravel\framework\src\Illuminate\Database\Connection.php(763): Illuminate\Database\Connection->Illuminate\Database\{closure}(Object(Illuminate\Database\MySqlConnection), 'select * from `...', Array)
#11 C:\xampp\htdocs\invoicer\core\vendor\laravel\framework\src\Illuminate\Database\Connection.php(726): Illuminate\Database\Connection->runQueryCallback('select * from `...', Array, Object(Closure))
#12 C:\xampp\htdocs\invoicer\core\vendor\laravel\framework\src\Illuminate\Database\Connection.php(351): Illuminate\Database\Connection->run('select * from `...', Array, Object(Closure))
#13 C:\xampp\htdocs\invoicer\core\vendor\laravel\framework\src\Illuminate\Database\Query\Builder.php(1648): Illuminate\Database\Connection->select('select * from `...', Array, true)
#14 C:\xampp\htdocs\invoicer\core\vendor\laravel\framework\src\Illuminate\Database\Query\Builder.php(1634): Illuminate\Database\Query\Builder->runSelect()
#15 C:\xampp\htdocs\invoicer\core\vendor\laravel\framework\src\Illuminate\Database\Eloquent\Builder.php(638): Illuminate\Database\Query\Builder->get(Array)
#16 C:\xampp\htdocs\invoicer\core\vendor\laravel\framework\src\Illuminate\Database\Eloquent\Builder.php(327): Illuminate\Database\Eloquent\Builder->getModels(Array)
#17 C:\xampp\htdocs\invoicer\core\app\Providers\AuthServiceProvider.php(39): Illuminate\Database\Eloquent\Builder->get()
#18 C:\xampp\htdocs\invoicer\core\app\Providers\AuthServiceProvider.php(26): App\Providers\AuthServiceProvider->getPermissions()
#19 [internal function]: App\Providers\AuthServiceProvider->boot()
#20 C:\xampp\htdocs\invoicer\core\vendor\laravel\framework\src\Illuminate\Container\Container.php(508): call_user_func_array(Array, Array)
#21 C:\xampp\htdocs\invoicer\core\vendor\laravel\framework\src\Illuminate\Foundation\Application.php(769): Illuminate\Container\Container->call(Array)
#22 C:\xampp\htdocs\invoicer\core\vendor\laravel\framework\src\Illuminate\Foundation\Application.php(752): Illuminate\Foundation\Application->bootProvider(Object(App\Providers\AuthServiceProvider))
#23 [internal function]: Illuminate\Foundation\Application->Illuminate\Foundation\{closure}(Object(App\Providers\AuthServiceProvider), 24)
#24 C:\xampp\htdocs\invoicer\core\vendor\laravel\framework\src\Illuminate\Foundation\Application.php(753): array_walk(Array, Object(Closure))
#25 C:\xampp\htdocs\invoicer\core\vendor\laravel\framework\src\Illuminate\Foundation\Bootstrap\BootProviders.php(17): Illuminate\Foundation\Application->boot()
#26 C:\xampp\htdocs\invoicer\core\vendor\laravel\framework\src\Illuminate\Foundation\Application.php(203): Illuminate\Foundation\Bootstrap\BootProviders->bootstrap(Object(Illuminate\Foundation\Application))
#27 C:\xampp\htdocs\invoicer\core\vendor\laravel\framework\src\Illuminate\Foundation\Http\Kernel.php(254): Illuminate\Foundation\Application->bootstrapWith(Array)
#28 C:\xampp\htdocs\invoicer\core\vendor\laravel\framework\src\Illuminate\Foundation\Http\Kernel.php(145): Illuminate\Foundation\Http\Kernel->bootstrap()
#29 C:\xampp\htdocs\invoicer\core\vendor\laravel\framework\src\Illuminate\Foundation\Http\Kernel.php(117): Illuminate\Foundation\Http\Kernel->sendRequestThroughRouter(Object(Illuminate\Http\Request))
#30 C:\xampp\htdocs\invoicer\index.php(52): Illuminate\Foundation\Http\Kernel->handle(Object(Illuminate\Http\Request))
#31 {main}

Next Doctrine\DBAL\Driver\PDOException: SQLSTATE[HY000] [1049] Unknown database 'clasinv' in C:\xampp\htdocs\invoicer\core\vendor\doctrine\dbal\lib\Doctrine\DBAL\Driver\PDOConnection.php:47
Stack trace:
#0 C:\xampp\htdocs\invoicer\core\vendor\laravel\framework\src\Illuminate\Database\Connectors\Connector.php(116): Doctrine\DBAL\Driver\PDOConnection->__construct('mysql:host=loca...', 'root', '', Array)
#1 C:\xampp\htdocs\invoicer\core\vendor\laravel\framework\src\Illuminate\Database\Connectors\Connector.php(56): Illuminate\Database\Connectors\Connector->createPdoConnection('mysql:host=loca...', 'root', '', Array)
#2 C:\xampp\htdocs\invoicer\core\vendor\laravel\framework\src\Illuminate\Database\Connectors\MySqlConnector.php(24): Illuminate\Database\Connectors\Connector->createConnection('mysql:host=loca...', Array, Array)
#3 C:\xampp\htdocs\invoicer\core\vendor\laravel\framework\src\Illuminate\Database\Connectors\ConnectionFactory.php(126): Illuminate\Database\Connectors\MySqlConnector->connect(Array)
#4 [internal function]: Illuminate\Database\Connectors\ConnectionFactory->Illuminate\Database\Connectors\{closure}()
#5 C:\xampp\htdocs\invoicer\core\vendor\laravel\framework\src\Illuminate\Database\Connection.php(965): call_user_func(Object(Closure))
#6 C:\xampp\htdocs\invoicer\core\vendor\laravel\framework\src\Illuminate\Database\Connection.php(986): Illuminate\Database\Connection->getPdo()
#7 C:\xampp\htdocs\invoicer\core\vendor\laravel\framework\src\Illuminate\Database\Connection.php(423): Illuminate\Database\Connection->getReadPdo()
#8 C:\xampp\htdocs\invoicer\core\vendor\laravel\framework\src\Illuminate\Database\Connection.php(333): Illuminate\Database\Connection->getPdoForSelect(true)
#9 C:\xampp\htdocs\invoicer\core\vendor\laravel\framework\src\Illuminate\Database\Connection.php(763): Illuminate\Database\Connection->Illuminate\Database\{closure}(Object(Illuminate\Database\MySqlConnection), 'select * from `...', Array)
#10 C:\xampp\htdocs\invoicer\core\vendor\laravel\framework\src\Illuminate\Database\Connection.php(726): Illuminate\Database\Connection->runQueryCallback('select * from `...', Array, Object(Closure))
#11 C:\xampp\htdocs\invoicer\core\vendor\laravel\framework\src\Illuminate\Database\Connection.php(351): Illuminate\Database\Connection->run('select * from `...', Array, Object(Closure))
#12 C:\xampp\htdocs\invoicer\core\vendor\laravel\framework\src\Illuminate\Database\Query\Builder.php(1648): Illuminate\Database\Connection->select('select * from `...', Array, true)
#13 C:\xampp\htdocs\invoicer\core\vendor\laravel\framework\src\Illuminate\Database\Query\Builder.php(1634): Illuminate\Database\Query\Builder->runSelect()
#14 C:\xampp\htdocs\invoicer\core\vendor\laravel\framework\src\Illuminate\Database\Eloquent\Builder.php(638): Illuminate\Database\Query\Builder->get(Array)
#15 C:\xampp\htdocs\invoicer\core\vendor\laravel\framework\src\Illuminate\Database\Eloquent\Builder.php(327): Illuminate\Database\Eloquent\Builder->getModels(Array)
#16 C:\xampp\htdocs\invoicer\core\app\Providers\AuthServiceProvider.php(39): Illuminate\Database\Eloquent\Builder->get()
#17 C:\xampp\htdocs\invoicer\core\app\Providers\AuthServiceProvider.php(26): App\Providers\AuthServiceProvider->getPermissions()
#18 [internal function]: App\Providers\AuthServiceProvider->boot()
#19 C:\xampp\htdocs\invoicer\core\vendor\laravel\framework\src\Illuminate\Container\Container.php(508): call_user_func_array(Array, Array)
#20 C:\xampp\htdocs\invoicer\core\vendor\laravel\framework\src\Illuminate\Foundation\Application.php(769): Illuminate\Container\Container->call(Array)
#21 C:\xampp\htdocs\invoicer\core\vendor\laravel\framework\src\Illuminate\Foundation\Application.php(752): Illuminate\Foundation\Application->bootProvider(Object(App\Providers\AuthServiceProvider))
#22 [internal function]: Illuminate\Foundation\Application->Illuminate\Foundation\{closure}(Object(App\Providers\AuthServiceProvider), 24)
#23 C:\xampp\htdocs\invoicer\core\vendor\laravel\framework\src\Illuminate\Foundation\Application.php(753): array_walk(Array, Object(Closure))
#24 C:\xampp\htdocs\invoicer\core\vendor\laravel\framework\src\Illuminate\Foundation\Bootstrap\BootProviders.php(17): Illuminate\Foundation\Application->boot()
#25 C:\xampp\htdocs\invoicer\core\vendor\laravel\framework\src\Illuminate\Foundation\Application.php(203): Illuminate\Foundation\Bootstrap\BootProviders->bootstrap(Object(Illuminate\Foundation\Application))
#26 C:\xampp\htdocs\invoicer\core\vendor\laravel\framework\src\Illuminate\Foundation\Http\Kernel.php(254): Illuminate\Foundation\Application->bootstrapWith(Array)
#27 C:\xampp\htdocs\invoicer\core\vendor\laravel\framework\src\Illuminate\Foundation\Http\Kernel.php(145): Illuminate\Foundation\Http\Kernel->bootstrap()
#28 C:\xampp\htdocs\invoicer\core\vendor\laravel\framework\src\Illuminate\Foundation\Http\Kernel.php(117): Illuminate\Foundation\Http\Kernel->sendRequestThroughRouter(Object(Illuminate\Http\Request))
#29 C:\xampp\htdocs\invoicer\index.php(52): Illuminate\Foundation\Http\Kernel->handle(Object(Illuminate\Http\Request))
#30 {main}

Next Illuminate\Database\QueryException: SQLSTATE[HY000] [1049] Unknown database 'clasinv' (SQL: select * from `permissions`) in C:\xampp\htdocs\invoicer\core\vendor\laravel\framework\src\Illuminate\Database\Connection.php:770
Stack trace:
#0 C:\xampp\htdocs\invoicer\core\vendor\laravel\framework\src\Illuminate\Database\Connection.php(726): Illuminate\Database\Connection->runQueryCallback('select * from `...', Array, Object(Closure))
#1 C:\xampp\htdocs\invoicer\core\vendor\laravel\framework\src\Illuminate\Database\Connection.php(351): Illuminate\Database\Connection->run('select * from `...', Array, Object(Closure))
#2 C:\xampp\htdocs\invoicer\core\vendor\laravel\framework\src\Illuminate\Database\Query\Builder.php(1648): Illuminate\Database\Connection->select('select * from `...', Array, true)
#3 C:\xampp\htdocs\invoicer\core\vendor\laravel\framework\src\Illuminate\Database\Query\Builder.php(1634): Illuminate\Database\Query\Builder->runSelect()
#4 C:\xampp\htdocs\invoicer\core\vendor\laravel\framework\src\Illuminate\Database\Eloquent\Builder.php(638): Illuminate\Database\Query\Builder->get(Array)
#5 C:\xampp\htdocs\invoicer\core\vendor\laravel\framework\src\Illuminate\Database\Eloquent\Builder.php(327): Illuminate\Database\Eloquent\Builder->getModels(Array)
#6 C:\xampp\htdocs\invoicer\core\app\Providers\AuthServiceProvider.php(39): Illuminate\Database\Eloquent\Builder->get()
#7 C:\xampp\htdocs\invoicer\core\app\Providers\AuthServiceProvider.php(26): App\Providers\AuthServiceProvider->getPermissions()
#8 [internal function]: App\Providers\AuthServiceProvider->boot()
#9 C:\xampp\htdocs\invoicer\core\vendor\laravel\framework\src\Illuminate\Container\Container.php(508): call_user_func_array(Array, Array)
#10 C:\xampp\htdocs\invoicer\core\vendor\laravel\framework\src\Illuminate\Foundation\Application.php(769): Illuminate\Container\Container->call(Array)
#11 C:\xampp\htdocs\invoicer\core\vendor\laravel\framework\src\Illuminate\Foundation\Application.php(752): Illuminate\Foundation\Application->bootProvider(Object(App\Providers\AuthServiceProvider))
#12 [internal function]: Illuminate\Foundation\Application->Illuminate\Foundation\{closure}(Object(App\Providers\AuthServiceProvider), 24)
#13 C:\xampp\htdocs\invoicer\core\vendor\laravel\framework\src\Illuminate\Foundation\Application.php(753): array_walk(Array, Object(Closure))
#14 C:\xampp\htdocs\invoicer\core\vendor\laravel\framework\src\Illuminate\Foundation\Bootstrap\BootProviders.php(17): Illuminate\Foundation\Application->boot()
#15 C:\xampp\htdocs\invoicer\core\vendor\laravel\framework\src\Illuminate\Foundation\Application.php(203): Illuminate\Foundation\Bootstrap\BootProviders->bootstrap(Object(Illuminate\Foundation\Application))
#16 C:\xampp\htdocs\invoicer\core\vendor\laravel\framework\src\Illuminate\Foundation\Http\Kernel.php(254): Illuminate\Foundation\Application->bootstrapWith(Array)
#17 C:\xampp\htdocs\invoicer\core\vendor\laravel\framework\src\Illuminate\Foundation\Http\Kernel.php(145): Illuminate\Foundation\Http\Kernel->bootstrap()
#18 C:\xampp\htdocs\invoicer\core\vendor\laravel\framework\src\Illuminate\Foundation\Http\Kernel.php(117): Illuminate\Foundation\Http\Kernel->sendRequestThroughRouter(Object(Illuminate\Http\Request))
#19 C:\xampp\htdocs\invoicer\index.php(52): Illuminate\Foundation\Http\Kernel->handle(Object(Illuminate\Http\Request))
#20 {main}  
[2020-02-12 03:35:48] production.ERROR: PDOException: SQLSTATE[42S02]: Base table or view not found: 1146 Table 'clasinv.permissions' doesn't exist in C:\xampp\htdocs\invoicer\core\vendor\doctrine\dbal\lib\Doctrine\DBAL\Driver\PDOConnection.php:77
Stack trace:
#0 C:\xampp\htdocs\invoicer\core\vendor\doctrine\dbal\lib\Doctrine\DBAL\Driver\PDOConnection.php(77): PDO->prepare('select * from `...', Array)
#1 C:\xampp\htdocs\invoicer\core\vendor\laravel\framework\src\Illuminate\Database\Connection.php(333): Doctrine\DBAL\Driver\PDOConnection->prepare('select * from `...')
#2 C:\xampp\htdocs\invoicer\core\vendor\laravel\framework\src\Illuminate\Database\Connection.php(763): Illuminate\Database\Connection->Illuminate\Database\{closure}(Object(Illuminate\Database\MySqlConnection), 'select * from `...', Array)
#3 C:\xampp\htdocs\invoicer\core\vendor\laravel\framework\src\Illuminate\Database\Connection.php(726): Illuminate\Database\Connection->runQueryCallback('select * from `...', Array, Object(Closure))
#4 C:\xampp\htdocs\invoicer\core\vendor\laravel\framework\src\Illuminate\Database\Connection.php(351): Illuminate\Database\Connection->run('select * from `...', Array, Object(Closure))
#5 C:\xampp\htdocs\invoicer\core\vendor\laravel\framework\src\Illuminate\Database\Query\Builder.php(1648): Illuminate\Database\Connection->select('select * from `...', Array, true)
#6 C:\xampp\htdocs\invoicer\core\vendor\laravel\framework\src\Illuminate\Database\Query\Builder.php(1634): Illuminate\Database\Query\Builder->runSelect()
#7 C:\xampp\htdocs\invoicer\core\vendor\laravel\framework\src\Illuminate\Database\Eloquent\Builder.php(638): Illuminate\Database\Query\Builder->get(Array)
#8 C:\xampp\htdocs\invoicer\core\vendor\laravel\framework\src\Illuminate\Database\Eloquent\Builder.php(327): Illuminate\Database\Eloquent\Builder->getModels(Array)
#9 C:\xampp\htdocs\invoicer\core\app\Providers\AuthServiceProvider.php(39): Illuminate\Database\Eloquent\Builder->get()
#10 C:\xampp\htdocs\invoicer\core\app\Providers\AuthServiceProvider.php(26): App\Providers\AuthServiceProvider->getPermissions()
#11 [internal function]: App\Providers\AuthServiceProvider->boot()
#12 C:\xampp\htdocs\invoicer\core\vendor\laravel\framework\src\Illuminate\Container\Container.php(508): call_user_func_array(Array, Array)
#13 C:\xampp\htdocs\invoicer\core\vendor\laravel\framework\src\Illuminate\Foundation\Application.php(769): Illuminate\Container\Container->call(Array)
#14 C:\xampp\htdocs\invoicer\core\vendor\laravel\framework\src\Illuminate\Foundation\Application.php(752): Illuminate\Foundation\Application->bootProvider(Object(App\Providers\AuthServiceProvider))
#15 [internal function]: Illuminate\Foundation\Application->Illuminate\Foundation\{closure}(Object(App\Providers\AuthServiceProvider), 24)
#16 C:\xampp\htdocs\invoicer\core\vendor\laravel\framework\src\Illuminate\Foundation\Application.php(753): array_walk(Array, Object(Closure))
#17 C:\xampp\htdocs\invoicer\core\vendor\laravel\framework\src\Illuminate\Foundation\Bootstrap\BootProviders.php(17): Illuminate\Foundation\Application->boot()
#18 C:\xampp\htdocs\invoicer\core\vendor\laravel\framework\src\Illuminate\Foundation\Application.php(203): Illuminate\Foundation\Bootstrap\BootProviders->bootstrap(Object(Illuminate\Foundation\Application))
#19 C:\xampp\htdocs\invoicer\core\vendor\laravel\framework\src\Illuminate\Foundation\Http\Kernel.php(254): Illuminate\Foundation\Application->bootstrapWith(Array)
#20 C:\xampp\htdocs\invoicer\core\vendor\laravel\framework\src\Illuminate\Foundation\Http\Kernel.php(145): Illuminate\Foundation\Http\Kernel->bootstrap()
#21 C:\xampp\htdocs\invoicer\core\vendor\laravel\framework\src\Illuminate\Foundation\Http\Kernel.php(117): Illuminate\Foundation\Http\Kernel->sendRequestThroughRouter(Object(Illuminate\Http\Request))
#22 C:\xampp\htdocs\invoicer\index.php(52): Illuminate\Foundation\Http\Kernel->handle(Object(Illuminate\Http\Request))
#23 {main}

Next Doctrine\DBAL\Driver\PDOException: SQLSTATE[42S02]: Base table or view not found: 1146 Table 'clasinv.permissions' doesn't exist in C:\xampp\htdocs\invoicer\core\vendor\doctrine\dbal\lib\Doctrine\DBAL\Driver\PDOConnection.php:79
Stack trace:
#0 C:\xampp\htdocs\invoicer\core\vendor\laravel\framework\src\Illuminate\Database\Connection.php(333): Doctrine\DBAL\Driver\PDOConnection->prepare('select * from `...')
#1 C:\xampp\htdocs\invoicer\core\vendor\laravel\framework\src\Illuminate\Database\Connection.php(763): Illuminate\Database\Connection->Illuminate\Database\{closure}(Object(Illuminate\Database\MySqlConnection), 'select * from `...', Array)
#2 C:\xampp\htdocs\invoicer\core\vendor\laravel\framework\src\Illuminate\Database\Connection.php(726): Illuminate\Database\Connection->runQueryCallback('select * from `...', Array, Object(Closure))
#3 C:\xampp\htdocs\invoicer\core\vendor\laravel\framework\src\Illuminate\Database\Connection.php(351): Illuminate\Database\Connection->run('select * from `...', Array, Object(Closure))
#4 C:\xampp\htdocs\invoicer\core\vendor\laravel\framework\src\Illuminate\Database\Query\Builder.php(1648): Illuminate\Database\Connection->select('select * from `...', Array, true)
#5 C:\xampp\htdocs\invoicer\core\vendor\laravel\framework\src\Illuminate\Database\Query\Builder.php(1634): Illuminate\Database\Query\Builder->runSelect()
#6 C:\xampp\htdocs\invoicer\core\vendor\laravel\framework\src\Illuminate\Database\Eloquent\Builder.php(638): Illuminate\Database\Query\Builder->get(Array)
#7 C:\xampp\htdocs\invoicer\core\vendor\laravel\framework\src\Illuminate\Database\Eloquent\Builder.php(327): Illuminate\Database\Eloquent\Builder->getModels(Array)
#8 C:\xampp\htdocs\invoicer\core\app\Providers\AuthServiceProvider.php(39): Illuminate\Database\Eloquent\Builder->get()
#9 C:\xampp\htdocs\invoicer\core\app\Providers\AuthServiceProvider.php(26): App\Providers\AuthServiceProvider->getPermissions()
#10 [internal function]: App\Providers\AuthServiceProvider->boot()
#11 C:\xampp\htdocs\invoicer\core\vendor\laravel\framework\src\Illuminate\Container\Container.php(508): call_user_func_array(Array, Array)
#12 C:\xampp\htdocs\invoicer\core\vendor\laravel\framework\src\Illuminate\Foundation\Application.php(769): Illuminate\Container\Container->call(Array)
#13 C:\xampp\htdocs\invoicer\core\vendor\laravel\framework\src\Illuminate\Foundation\Application.php(752): Illuminate\Foundation\Application->bootProvider(Object(App\Providers\AuthServiceProvider))
#14 [internal function]: Illuminate\Foundation\Application->Illuminate\Foundation\{closure}(Object(App\Providers\AuthServiceProvider), 24)
#15 C:\xampp\htdocs\invoicer\core\vendor\laravel\framework\src\Illuminate\Foundation\Application.php(753): array_walk(Array, Object(Closure))
#16 C:\xampp\htdocs\invoicer\core\vendor\laravel\framework\src\Illuminate\Foundation\Bootstrap\BootProviders.php(17): Illuminate\Foundation\Application->boot()
#17 C:\xampp\htdocs\invoicer\core\vendor\laravel\framework\src\Illuminate\Foundation\Application.php(203): Illuminate\Foundation\Bootstrap\BootProviders->bootstrap(Object(Illuminate\Foundation\Application))
#18 C:\xampp\htdocs\invoicer\core\vendor\laravel\framework\src\Illuminate\Foundation\Http\Kernel.php(254): Illuminate\Foundation\Application->bootstrapWith(Array)
#19 C:\xampp\htdocs\invoicer\core\vendor\laravel\framework\src\Illuminate\Foundation\Http\Kernel.php(145): Illuminate\Foundation\Http\Kernel->bootstrap()
#20 C:\xampp\htdocs\invoicer\core\vendor\laravel\framework\src\Illuminate\Foundation\Http\Kernel.php(117): Illuminate\Foundation\Http\Kernel->sendRequestThroughRouter(Object(Illuminate\Http\Request))
#21 C:\xampp\htdocs\invoicer\index.php(52): Illuminate\Foundation\Http\Kernel->handle(Object(Illuminate\Http\Request))
#22 {main}

Next Illuminate\Database\QueryException: SQLSTATE[42S02]: Base table or view not found: 1146 Table 'clasinv.permissions' doesn't exist (SQL: select * from `permissions`) in C:\xampp\htdocs\invoicer\core\vendor\laravel\framework\src\Illuminate\Database\Connection.php:770
Stack trace:
#0 C:\xampp\htdocs\invoicer\core\vendor\laravel\framework\src\Illuminate\Database\Connection.php(726): Illuminate\Database\Connection->runQueryCallback('select * from `...', Array, Object(Closure))
#1 C:\xampp\htdocs\invoicer\core\vendor\laravel\framework\src\Illuminate\Database\Connection.php(351): Illuminate\Database\Connection->run('select * from `...', Array, Object(Closure))
#2 C:\xampp\htdocs\invoicer\core\vendor\laravel\framework\src\Illuminate\Database\Query\Builder.php(1648): Illuminate\Database\Connection->select('select * from `...', Array, true)
#3 C:\xampp\htdocs\invoicer\core\vendor\laravel\framework\src\Illuminate\Database\Query\Builder.php(1634): Illuminate\Database\Query\Builder->runSelect()
#4 C:\xampp\htdocs\invoicer\core\vendor\laravel\framework\src\Illuminate\Database\Eloquent\Builder.php(638): Illuminate\Database\Query\Builder->get(Array)
#5 C:\xampp\htdocs\invoicer\core\vendor\laravel\framework\src\Illuminate\Database\Eloquent\Builder.php(327): Illuminate\Database\Eloquent\Builder->getModels(Array)
#6 C:\xampp\htdocs\invoicer\core\app\Providers\AuthServiceProvider.php(39): Illuminate\Database\Eloquent\Builder->get()
#7 C:\xampp\htdocs\invoicer\core\app\Providers\AuthServiceProvider.php(26): App\Providers\AuthServiceProvider->getPermissions()
#8 [internal function]: App\Providers\AuthServiceProvider->boot()
#9 C:\xampp\htdocs\invoicer\core\vendor\laravel\framework\src\Illuminate\Container\Container.php(508): call_user_func_array(Array, Array)
#10 C:\xampp\htdocs\invoicer\core\vendor\laravel\framework\src\Illuminate\Foundation\Application.php(769): Illuminate\Container\Container->call(Array)
#11 C:\xampp\htdocs\invoicer\core\vendor\laravel\framework\src\Illuminate\Foundation\Application.php(752): Illuminate\Foundation\Application->bootProvider(Object(App\Providers\AuthServiceProvider))
#12 [internal function]: Illuminate\Foundation\Application->Illuminate\Foundation\{closure}(Object(App\Providers\AuthServiceProvider), 24)
#13 C:\xampp\htdocs\invoicer\core\vendor\laravel\framework\src\Illuminate\Foundation\Application.php(753): array_walk(Array, Object(Closure))
#14 C:\xampp\htdocs\invoicer\core\vendor\laravel\framework\src\Illuminate\Foundation\Bootstrap\BootProviders.php(17): Illuminate\Foundation\Application->boot()
#15 C:\xampp\htdocs\invoicer\core\vendor\laravel\framework\src\Illuminate\Foundation\Application.php(203): Illuminate\Foundation\Bootstrap\BootProviders->bootstrap(Object(Illuminate\Foundation\Application))
#16 C:\xampp\htdocs\invoicer\core\vendor\laravel\framework\src\Illuminate\Foundation\Http\Kernel.php(254): Illuminate\Foundation\Application->bootstrapWith(Array)
#17 C:\xampp\htdocs\invoicer\core\vendor\laravel\framework\src\Illuminate\Foundation\Http\Kernel.php(145): Illuminate\Foundation\Http\Kernel->bootstrap()
#18 C:\xampp\htdocs\invoicer\core\vendor\laravel\framework\src\Illuminate\Foundation\Http\Kernel.php(117): Illuminate\Foundation\Http\Kernel->sendRequestThroughRouter(Object(Illuminate\Http\Request))
#19 C:\xampp\htdocs\invoicer\index.php(52): Illuminate\Foundation\Http\Kernel->handle(Object(Illuminate\Http\Request))
#20 {main}  
